0 verbose cli /Users/yuqiaowu/Library/Mobile Documents/com~apple~CloudDocs/Obsidian/Obsidian Vault/blog/node-v22.16.0-darwin-x64/bin/node /Users/yuqiaowu/Library/Mobile Documents/com~apple~CloudDocs/Obsidian/Obsidian Vault/blog/node-v22.16.0-darwin-x64/lib/node_modules/npm/bin/npm-cli.js
1 info using npm@10.9.2
2 info using node@v22.16.0
3 silly config load:file:/Users/yuqiaowu/Library/Mobile Documents/com~apple~CloudDocs/Obsidian/Obsidian Vault/blog/node-v22.16.0-darwin-x64/lib/node_modules/npm/npmrc
4 silly config load:file:/Users/yuqiaowu/Library/Mobile Documents/com~apple~CloudDocs/Obsidian/Obsidian Vault/blog/.npmrc
5 silly config load:file:/Users/yuqiaowu/.npmrc
6 silly config load:file:/Users/yuqiaowu/Library/Mobile Documents/com~apple~CloudDocs/Obsidian/Obsidian Vault/blog/node-v22.16.0-darwin-x64/etc/npmrc
7 verbose title npm exec quartz build
8 verbose argv "exec" "--" "quartz" "build"
9 verbose logfile logs-max:10 dir:/Users/yuqiaowu/Library/Mobile Documents/com~apple~CloudDocs/Obsidian/Obsidian Vault/blog/.npm-cache/_logs/2025-11-12T11_36_16_711Z-
10 verbose logfile /Users/yuqiaowu/Library/Mobile Documents/com~apple~CloudDocs/Obsidian/Obsidian Vault/blog/.npm-cache/_logs/2025-11-12T11_36_16_711Z-debug-0.log
11 silly logfile done cleaning log files
12 silly packumentCache heap:4345298944 maxSize:1086324736 maxEntrySize:543162368
13 verbose shrinkwrap failed to load node_modules/.package-lock.json out of date, updated: node_modules
14 silly packumentCache heap:4345298944 maxSize:1086324736 maxEntrySize:543162368
15 silly idealTree buildDeps
16 silly placeDep ROOT @jackyzha0/quartz@4.5.2 OK for:  want: file:../../..
17 silly reify moves {}
18 silly audit bulk request { '@jackyzha0/quartz': [ '4.5.2' ] }
19 silly audit bulk request failed undefined
20 verbose audit error FetchError: request to https://registry.npmjs.org/-/npm/v1/security/audits/quick failed, reason: connect EPERM 127.0.0.1:7890 - Local (0.0.0.0:0)
20 verbose audit error     at ClientRequest.<anonymous> (/Users/yuqiaowu/Library/Mobile Documents/com~apple~CloudDocs/Obsidian/Obsidian Vault/blog/node-v22.16.0-darwin-x64/lib/node_modules/npm/node_modules/minipass-fetch/lib/index.js:130:14)
20 verbose audit error     at ClientRequest.emit (node:events:518:28)
20 verbose audit error     at emitErrorEvent (node:_http_client:104:11)
20 verbose audit error     at _destroy (node:_http_client:898:9)
20 verbose audit error     at onSocketNT (node:_http_client:918:5)
20 verbose audit error     at process.processTicksAndRejections (node:internal/process/task_queues:91:21) {
20 verbose audit error   code: 'EPERM',
20 verbose audit error   errno: 'EPERM',
20 verbose audit error   syscall: 'connect',
20 verbose audit error   address: '127.0.0.1',
20 verbose audit error   port: 7890,
20 verbose audit error   type: 'system'
20 verbose audit error }
21 silly audit error undefined
22 silly audit report null
23 verbose cwd /Users/yuqiaowu/Library/Mobile Documents/com~apple~CloudDocs/Obsidian/Obsidian Vault/blog
24 verbose os Darwin 25.0.0
25 verbose node v22.16.0
26 verbose npm  v10.9.2
27 verbose exit 0
28 info ok
